C51 COMPILER V8.06   TEXT2                                                                 11/19/2022 16:08:31 PAGE 1   


C51 COMPILER V8.06, COMPILATION OF MODULE TEXT2
OBJECT MODULE PLACED IN Text2.OBJ
COMPILER INVOKED BY: D:\单片机\C51\BIN\C51.EXE Text2.c BROWSE DEBUG OBJECTEXTEND

line level    source

   1          #include<reg52.h>
   2          
   3          typedef unsigned char u8;
   4          typedef unsigned int u16;
   5          
   6          //通过4块74HC595模块控制16*16 LED点阵以一行循环显示
   7           
   8          //控制管脚  并将硬件的控制管脚 OE短接到GND 
   9          sbit SRCLK =P3^6;//移位寄存器 
  10          sbit rCLK =P3^5;//存储寄存器 
  11          sbit SER =P3^4;//串行输入管脚 
  12          
  13          
  14          
  15          //SER需要输入的数据
  16          u8 ghc595_buf[8] ={0x01,0x02,0x04,0x08,0x10,0x20,0x40,0x80}; 
  17            
  18          /*
  19          延时函数 ten_us =1000 大概延时10微秒 
  20          */
  21          void delay_us(u16 ten_us){
  22   1              while(ten_us--);
  23   1      }
  24          
  25          void hc595_write_date(u8 dat1,u8 dat2,u8 dat3,u8 dat4){
  26   1              u8 i=0;
  27   1              //从最低位开始识别 传输给最高位 所以要先将最高位位移到最低位 
  28   1              for(i=0;i<8;i++){
  29   2                      SER=dat4>>7;
  30   2                      dat4<<=1;
  31   2                      SRCLK=0;
  32   2                      delay_us(1);
  33   2                      SRCLK=1; 
  34   2                      delay_us(1);
  35   2              }
  36   1              for(i=0;i<8;i++){
  37   2                      SER=dat3>>7;
  38   2                      dat3<<=1;
  39   2                      SRCLK=0;
  40   2                      delay_us(1);
  41   2                      SRCLK=1; 
  42   2                      delay_us(1);
  43   2              }
  44   1              for(i=0;i<8;i++){
  45   2                      SER=dat1>>7;
  46   2                      dat2<<=1;
  47   2                      SRCLK=0;
  48   2                      delay_us(1);
  49   2                      SRCLK=1; 
  50   2                      delay_us(1);
  51   2              }
  52   1              for(i=0;i<8;i++){
  53   2                      SER=dat1>>7;
  54   2                      dat1<<=1;
  55   2                      SRCLK=0;
C51 COMPILER V8.06   TEXT2                                                                 11/19/2022 16:08:31 PAGE 2   

  56   2                      delay_us(1);
  57   2                      SRCLK=1; 
  58   2                      delay_us(1);
  59   2              }
  60   1              rCLK=0;
  61   1              delay_us(1);
  62   1              rCLK=1;
  63   1      } 
  64          
  65          void main(){
  66   1              u8 i=0;
  67   1              while(1){
  68   2                      for(i=0;i<8;i++){
  69   3                              hc595_write_date(ghc595_buf[i],0,0,0); 
  70   3                              delay_us(50000);
  71   3                      }
  72   2                      for(i=0;i<8;i++){
  73   3                              hc595_write_date(0,ghc595_buf[i],0,0); 
  74   3                              delay_us(50000);
  75   3                      }
  76   2              }
  77   1      }


MODULE INFORMATION:   STATIC OVERLAYABLE
   CODE SIZE        =    210    ----
   CONSTANT SIZE    =   ----    ----
   XDATA SIZE       =   ----    ----
   PDATA SIZE       =   ----    ----
   DATA SIZE        =      8       5
   IDATA SIZE       =   ----    ----
   BIT SIZE         =   ----    ----
END OF MODULE INFORMATION.


C51 COMPILATION COMPLETE.  0 WARNING(S),  0 ERROR(S)
