C51 COMPILER V8.06   TEXT1                                                                 11/11/2022 15:07:37 PAGE 1   


C51 COMPILER V8.06, COMPILATION OF MODULE TEXT1
OBJECT MODULE PLACED IN Text1.OBJ
COMPILER INVOKED BY: D:\单片机\C51\BIN\C51.EXE Text1.c BROWSE DEBUG OBJECTEXTEND

line level    source

   1          #include<reg52.h>
   2          #define LED_PROT        P2 //宏定义P2端口
   3          typedef  unsigned char u8;
   4          typedef unsigned int u16;
   5          
   6          void Keep(u16 ten){
   7   1              while(ten--);
   8   1      }
   9          main(){
  10   1              u8 i=0;
  11   1              while(1)
  12   1              {
  13   2                       for(i=0;i<8;i++)
  14   2                       {
  15   3                              LED_PROT=~(0X01<<i);
  16   3                              Keep(20000);
  17   3                       }
  18   2              }
  19   1      }


MODULE INFORMATION:   STATIC OVERLAYABLE
   CODE SIZE        =     40    ----
   CONSTANT SIZE    =   ----    ----
   XDATA SIZE       =   ----    ----
   PDATA SIZE       =   ----    ----
   DATA SIZE        =   ----    ----
   IDATA SIZE       =   ----    ----
   BIT SIZE         =   ----    ----
END OF MODULE INFORMATION.


C51 COMPILATION COMPLETE.  0 WARNING(S),  0 ERROR(S)
