C51 COMPILER V8.06   TEXT1                                                                 11/28/2022 21:42:03 PAGE 1   


C51 COMPILER V8.06, COMPILATION OF MODULE TEXT1
OBJECT MODULE PLACED IN Text1.OBJ
COMPILER INVOKED BY: D:\单片机\C51\BIN\C51.EXE Text1.c BROWSE DEBUG OBJECTEXTEND

line level    source

   1          #include<reg52.h>
   2          
   3          typedef unsigned char u8;
   4          typedef unsigned int u16;
   5          
   6          //通过74HC595模块控制LED点阵显示数组图集
   7           
   8          //控制管脚  并将硬件的控制管脚 OE短接到GND 
   9          sbit SRCLK =P3^6;//移位寄存器 
  10          sbit rCLK =P3^5;//存储寄存器 
  11          sbit SER =P3^4;//串行输入管脚 
  12          
  13          //定义控制列的端口
  14          #define LEDDZ_COL_PORT P0
  15          
  16          //SER需要输入的数据
  17          u8 ghc595_buf[8] ={0x00,0x7E,0x81,0x81,0x81,0x81,0x7E,0x00}; 
  18          u8 P0_buf[8] ={0x7f,0xbf,0xdf,0xef,0xf7,0xfb,0xfd,0xfe}; 
  19          
  20          /*
  21          延时函数 ten_us =1000 大概延时10微秒 
  22          */
  23          void delay_us(u16 ten_us){
  24   1              while(ten_us--);
  25   1      }
  26          
  27          void hc595_write_date(u8 dat){
  28   1              u8 i=0;
  29   1              for(i=0;i<8;i++){//从最低位开始识别 传输给最高位 所以要先将最高位位移到最低位 
  30   2                      SER=dat>>7;
  31   2                      dat<<=1;
  32   2                      SRCLK=0;
  33   2                      delay_us(1);
  34   2                      SRCLK=1; 
  35   2                      delay_us(1);
  36   2              }
  37   1              rCLK=0;
  38   1              delay_us(1);
  39   1              rCLK=1;
  40   1      } 
  41          
  42          void main(){
  43   1          u8 i=0; 
  44   1              while(1){
  45   2                      for(i=0;i<8;i++){
  46   3                              LEDDZ_COL_PORT=P0_buf[i];
  47   3                              hc595_write_date(ghc595_buf[i]);
  48   3                              delay_us(300);
  49   3                      }
  50   2              }
  51   1      }


MODULE INFORMATION:   STATIC OVERLAYABLE
   CODE SIZE        =     87    ----
C51 COMPILER V8.06   TEXT1                                                                 11/28/2022 21:42:03 PAGE 2   

   CONSTANT SIZE    =   ----    ----
   XDATA SIZE       =   ----    ----
   PDATA SIZE       =   ----    ----
   DATA SIZE        =     16    ----
   IDATA SIZE       =   ----    ----
   BIT SIZE         =   ----    ----
END OF MODULE INFORMATION.


C51 COMPILATION COMPLETE.  0 WARNING(S),  0 ERROR(S)
