C51 COMPILER V8.06   TEXT1                                                                 11/12/2022 18:10:17 PAGE 1   


C51 COMPILER V8.06, COMPILATION OF MODULE TEXT1
OBJECT MODULE PLACED IN Text1.OBJ
COMPILER INVOKED BY: D:\单片机\C51\BIN\C51.EXE Text1.c BROWSE DEBUG OBJECTEXTEND

line level    source

   1          #include<reg52.h>
   2          #define SMG_A_DP_PORT P0
   3          
   4          typedef unsigned char u8;
   5          typedef unsigned int u16; 
   6          
   7          //共阴极数码管显示0~F的段码数据
   8          u8 gsmg_code[17]={0x3f,0x06,0x5b,0x4f,0x66,0x6d,0x7d,0x07,
   9                                          0x7f,0x6f,0x77,0x7c,0x39,0x5e,0x79,0x71};
  10          void delay(u16 ten){
  11   1              while(ten--);
  12   1      }                               
  13          main(){
  14   1              u8 i=0;
  15   1              while(1){
  16   2                      for(i=0;i<17;i++){
  17   3                              SMG_A_DP_PORT=gsmg_code[i];
  18   3                              delay(20000);
  19   3                      }
  20   2              }
  21   1      } 


MODULE INFORMATION:   STATIC OVERLAYABLE
   CODE SIZE        =     33    ----
   CONSTANT SIZE    =   ----    ----
   XDATA SIZE       =   ----    ----
   PDATA SIZE       =   ----    ----
   DATA SIZE        =     17    ----
   IDATA SIZE       =   ----    ----
   BIT SIZE         =   ----    ----
END OF MODULE INFORMATION.


C51 COMPILATION COMPLETE.  0 WARNING(S),  0 ERROR(S)
