C51 COMPILER V8.06   TEXT1                                                                 12/11/2022 20:29:43 PAGE 1   


C51 COMPILER V8.06, COMPILATION OF MODULE TEXT1
OBJECT MODULE PLACED IN Text1.OBJ
COMPILER INVOKED BY: D:\单片机\C51\BIN\C51.EXE Text1.c BROWSE DEBUG OBJECTEXTEND

line level    source

   1          #include<reg52.h>
   2          typedef unsigned char u8;
   3          typedef unsigned int u16;
   4          
   5          sbit led1=P2^0;
   6          
   7          /*
   8                  关于CPU时序：
   9                  外接晶振为12MHZ时，震荡周期为 1/12us  状态周期为 1/6us 机器周期为 1us  指令周期为 1-4us 
  10          */
  11          
  12          /*
  13                  定时/计数器 T0 对应 P3.4   T1对应 P3.5 
  14          */ 
  15          
  16          //延时函数 
  17          void delay(u16 ten){
  18   1              while(ten--){
  19   2              }
  20   1      } 
  21          
  22          //定时器配置 
  23          void time0_init(void){//晶振为11.0592MHZ 
  24   1              TMOD|=0X01;//选择定时器0模式 工作方式为1
  25   1              //给定时器赋初值 1ms=（fc18）H 
  26   1              TH0=0Xfc;
  27   1              TL0=0X66; 
  28   1              ET0=1;//打开定时器0中断允许
  29   1              EA=1;//打开总中断
  30   1              TR0=1;//打开定时器 
  31   1      }
  32          
  33          //通过定时器0中断控制D1指示灯间隔1秒闪烁 
  34          void main(){
  35   1              time0_init();
  36   1              while(1){
  37   2                      
  38   2              }
  39   1      }
  40          
  41          //定时器0外部中断服务函数 1 
  42          void time0() interrupt 1 {
  43   1              static u16 i=0;
  44   1              
  45   1              //给定时器重新赋初值 1ms=（fc18）H 
  46   1              TH0=0Xfc;
  47   1              TL0=0X66; 
  48   1              
  49   1              i++;
  50   1              if(i==1000){
  51   2                      i=0;
  52   2                      led1=!led1;
  53   2              }
  54   1      }

C51 COMPILER V8.06   TEXT1                                                                 12/11/2022 20:29:43 PAGE 2   


MODULE INFORMATION:   STATIC OVERLAYABLE
   CODE SIZE        =     71    ----
   CONSTANT SIZE    =   ----    ----
   XDATA SIZE       =   ----    ----
   PDATA SIZE       =   ----    ----
   DATA SIZE        =      2    ----
   IDATA SIZE       =   ----    ----
   BIT SIZE         =   ----    ----
END OF MODULE INFORMATION.


C51 COMPILATION COMPLETE.  0 WARNING(S),  0 ERROR(S)
