C51 COMPILER V8.06   TEXT1                                                                 11/13/2022 23:49:47 PAGE 1   


C51 COMPILER V8.06, COMPILATION OF MODULE TEXT1
OBJECT MODULE PLACED IN Text1.OBJ
COMPILER INVOKED BY: D:\单片机\C51\BIN\C51.EXE Text1.c BROWSE DEBUG OBJECTEXTEND

line level    source

   1            #include<reg52.h>
   2          typedef unsigned int u16 ;
   3          typedef unsigned char u8 ;
   4          //通过s1-s16按键，在数码管显示0-F 
   5          
   6          #define KEY_MATRIX_PORT P1 //矩阵按键端口 
   7          
   8          #define SMG_A_DP_PORT P0 //数码管端口 
   9          
  10          //共阴极数码管显示0~F的段码数据
  11          u8 gsmg_code[17]={0x3f,0x06,0x5b,0x4f,0x66,0x6d,0x7d,0x07,
  12                                          0x7f,0x6f,0x77,0x7c,0x39,0x5e,0x79,0x71};
  13          
  14          //延时函数 
  15          void delay_10us(u16 ten_us){//ten_us=1大概延时10us 
  16   1              while(ten_us--){
  17   2              }
  18   1      } 
  19          
  20          /*******************************************************************************
  21          * 函 数 名       : key_matrix_flip_scan
  22          * 函数功能               : 使用线翻转扫描方法，检测矩阵按键是否按下，按下则返回对应键值
  23          * 输    入       : 无
  24          * 输    出       : key_value：1-16，对应S1-S16键，
  25                                             0：按键未按下
  26          *******************************************************************************/
  27          u8 key_matrix_flip_scan(void)
  28          {
  29   1              static u8 key_value=0;
  30   1      
  31   1              KEY_MATRIX_PORT=0x0f;//给所有行赋值0，列全为1
  32   1              if(KEY_MATRIX_PORT!=0x0f)//判断按键是否按下
  33   1              {
  34   2                      delay_10us(1000);//消抖
  35   2                      if(KEY_MATRIX_PORT!=0x0f)
  36   2                      {
  37   3                              //测试列
  38   3                              KEY_MATRIX_PORT=0x0f;
  39   3                              switch(KEY_MATRIX_PORT)//保存行为0，按键按下后的列值    
  40   3                              {
  41   4                                      case 0x07: key_value=1;break;
  42   4                                      case 0x0b: key_value=2;break;
  43   4                                      case 0x0d: key_value=3;break;
  44   4                                      case 0x0e: key_value=4;break;
  45   4                              }
  46   3                              //测试行
  47   3                              KEY_MATRIX_PORT=0xf0;
  48   3                              switch(KEY_MATRIX_PORT)//保存列为0，按键按下后的键值    
  49   3                              {
  50   4                                      case 0x70: key_value=key_value;break;
  51   4                                      case 0xb0: key_value=key_value+4;break;
  52   4                                      case 0xd0: key_value=key_value+8;break;
  53   4                                      case 0xe0: key_value=key_value+12;break;
  54   4                              }
  55   3                              while(KEY_MATRIX_PORT!=0xf0);//等待按键松开     
C51 COMPILER V8.06   TEXT1                                                                 11/13/2022 23:49:47 PAGE 2   

  56   3                      }
  57   2              }
  58   1              else
  59   1                      key_value=0;            
  60   1              
  61   1              return key_value;               
  62   1       }
  63          
  64          main(){
  65   1              u8 key=0;
  66   1              while(1){
  67   2                      key=key_matrix_flip_scan();
  68   2                      if(key!=0){
  69   3                              SMG_A_DP_PORT=gsmg_code[key-1];
  70   3                      }
  71   2              }       
  72   1      }


MODULE INFORMATION:   STATIC OVERLAYABLE
   CODE SIZE        =    143    ----
   CONSTANT SIZE    =   ----    ----
   XDATA SIZE       =   ----    ----
   PDATA SIZE       =   ----    ----
   DATA SIZE        =     18    ----
   IDATA SIZE       =   ----    ----
   BIT SIZE         =   ----    ----
END OF MODULE INFORMATION.


C51 COMPILATION COMPLETE.  0 WARNING(S),  0 ERROR(S)
