C51 COMPILER V8.06   TEXT1                                                                 11/11/2022 20:41:07 PAGE 1   


C51 COMPILER V8.06, COMPILATION OF MODULE TEXT1
OBJECT MODULE PLACED IN Text1.OBJ
COMPILER INVOKED BY: D:\µ¥Æ¬»ú\C51\BIN\C51.EXE Text1.c BROWSE DEBUG OBJECTEXTEND

line level    source

   1          #include<reg52.h>
   2          
   3          typedef unsigned char u8;
   4          typedef unsigned int u16;
   5          
   6          sbit BEEP=P2^5;
   7          
   8          void Keep(u16 ten){
   9   1              while(ten--){}
  10   1      }
  11          
  12          main(){
  13   1              u16 i=2000; 
  14   1              while(1){
  15   2                      while(i--){
  16   3      //BEEP=!BEEP;
  17   3      //Keep(1000);      
  18   3                                      BEEP=0;
  19   3                                      Keep(0.1);
  20   3                                      BEEP=1;
  21   3                                      Keep(250) ;
  22   3                      }
  23   2                      i=0;
  24   2                      BEEP=0;
  25   2              }
  26   1      }


MODULE INFORMATION:   STATIC OVERLAYABLE
   CODE SIZE        =     51    ----
   CONSTANT SIZE    =   ----    ----
   XDATA SIZE       =   ----    ----
   PDATA SIZE       =   ----    ----
   DATA SIZE        =   ----    ----
   IDATA SIZE       =   ----    ----
   BIT SIZE         =   ----    ----
END OF MODULE INFORMATION.


C51 COMPILATION COMPLETE.  0 WARNING(S),  0 ERROR(S)
